app/build/intermediates/manifest_merge_blame_file/debug/manifest-merger-blame-debug-report.txt
1<?xml version="1.0" encoding="utf-8"?>
2<manifest xmlns:android="http://schemas.android.com/apk/res/android"
3    package="com.codepath.apps.restclienttemplate"
4    android:versionCode="1"
5    android:versionName="1.0" >
6
7    <uses-sdk
8        android:minSdkVersion="21"
8-->src/main/AndroidManifest.xml
9        android:targetSdkVersion="30" />
9-->src/main/AndroidManifest.xml
10
11    <uses-permission android:name="android.permission.INTERNET" />
11-->src/main/AndroidManifest.xml:7:5-67
11-->src/main/AndroidManifest.xml:7:22-64
12    <uses-permission android:name="android.permission.WRITE_EXTERNAL_STORAGE" />
12-->src/main/AndroidManifest.xml:8:5-81
12-->src/main/AndroidManifest.xml:8:22-78
13
14    <application
14-->src/main/AndroidManifest.xml:10:5-39:19
15        android:name="com.codepath.apps.restclienttemplate.TwitterApp"
15-->src/main/AndroidManifest.xml:11:9-35
16        android:allowBackup="true"
16-->src/main/AndroidManifest.xml:12:9-35
17        android:appComponentFactory="androidx.core.app.CoreComponentFactory"
17-->[androidx.core:core:1.5.0] AndroidManifest.xml:24:18-86
18        android:debuggable="true"
19        android:icon="@drawable/ic_launcher"
19-->src/main/AndroidManifest.xml:13:9-45
20        android:label="@string/app_name"
20-->src/main/AndroidManifest.xml:14:9-41
21        android:testOnly="true"
22        android:theme="@style/AppTheme" >
22-->src/main/AndroidManifest.xml:15:9-40
23        <activity
23-->src/main/AndroidManifest.xml:16:9-18:40
24            android:name="com.codepath.apps.restclienttemplate.TimelineActivity"
24-->src/main/AndroidManifest.xml:17:13-45
25            android:exported="false" />
25-->src/main/AndroidManifest.xml:18:13-37
26        <activity
26-->src/main/AndroidManifest.xml:19:9-38:20
27            android:name="com.codepath.apps.restclienttemplate.LoginActivity"
27-->src/main/AndroidManifest.xml:20:13-42
28            android:label="@string/app_name"
28-->src/main/AndroidManifest.xml:21:13-45
29            android:theme="@style/AppTheme" >
29-->src/main/AndroidManifest.xml:22:13-44
30            <intent-filter>
30-->src/main/AndroidManifest.xml:23:13-27:29
31                <action android:name="android.intent.action.MAIN" />
31-->src/main/AndroidManifest.xml:24:17-69
31-->src/main/AndroidManifest.xml:24:25-66
32
33                <category android:name="android.intent.category.LAUNCHER" />
33-->src/main/AndroidManifest.xml:26:17-77
33-->src/main/AndroidManifest.xml:26:27-74
34            </intent-filter>
35            <intent-filter>
35-->src/main/AndroidManifest.xml:28:13-37:29
36                <action android:name="android.intent.action.VIEW" />
36-->src/main/AndroidManifest.xml:29:17-69
36-->src/main/AndroidManifest.xml:29:25-66
37
38                <category android:name="android.intent.category.DEFAULT" />
38-->src/main/AndroidManifest.xml:31:17-76
38-->src/main/AndroidManifest.xml:31:27-73
39                <category android:name="android.intent.category.BROWSABLE" />
39-->src/main/AndroidManifest.xml:32:17-78
39-->src/main/AndroidManifest.xml:32:27-75
40
41                <data
41-->src/main/AndroidManifest.xml:34:17-36:62
42                    android:host="@string/intent_host"
42-->src/main/AndroidManifest.xml:35:21-55
43                    android:scheme="@string/intent_scheme" />
43-->src/main/AndroidManifest.xml:36:21-59
44            </intent-filter>
45        </activity>
46
47        <service
47-->[androidx.room:room-runtime:2.3.0] AndroidManifest.xml:25:9-28:40
48            android:name="androidx.room.MultiInstanceInvalidationService"
48-->[androidx.room:room-runtime:2.3.0] AndroidManifest.xml:26:13-74
49            android:directBootAware="true"
49-->[androidx.room:room-runtime:2.3.0] AndroidManifest.xml:27:13-43
50            android:exported="false" />
50-->[androidx.room:room-runtime:2.3.0] AndroidManifest.xml:28:13-37
51    </application>
52
53</manifest>